<?xml version="1.0" encoding="UTF-8"?>
<coverage generated="1699428940367" clover="3.2.0">
  <project timestamp="1699428940367" name="All files">
    <metrics statements="10" coveredstatements="10" conditionals="0" coveredconditionals="0" methods="3" coveredmethods="3" elements="13" coveredelements="13" complexity="0" loc="10" ncloc="10" packages="1" files="3" classes="3"/>
    <file name="App.css" path="/Users/ll/Desktop/learn-notes/frontend/react/demos/cicd-study/src/App.css">
      <metrics statements="1" coveredstatements="1" conditionals="0" coveredconditionals="0" methods="0" coveredmethods="0"/>
      <line num="1" count="1" type="stmt"/>
    </file>
    <file name="App.tsx" path="/Users/ll/Desktop/learn-notes/frontend/react/demos/cicd-study/src/App.tsx">
      <metrics statements="8" coveredstatements="8" conditionals="0" coveredconditionals="0" methods="3" coveredmethods="3"/>
      <line num="2" count="1" type="stmt"/>
      <line num="3" count="1" type="stmt"/>
      <line num="4" count="1" type="stmt"/>
      <line num="10" count="1" type="stmt"/>
      <line num="11" count="3" type="stmt"/>
      <line num="13" count="3" type="stmt"/>
      <line num="19" count="1" type="stmt"/>
      <line num="29" count="1" type="stmt"/>
    </file>
    <file name="logo.svg" path="/Users/ll/Desktop/learn-notes/frontend/react/demos/cicd-study/src/logo.svg">
      <metrics statements="1" coveredstatements="1" conditionals="0" coveredconditionals="0" methods="0" coveredmethods="0"/>
      <line num="1" count="1" type="stmt"/>
    </file>
  </project>
</coverage>
