{"/Users/ll/Desktop/learn-notes/frontend/react/demos/cicd-study/src/App.css": {"path":"/Users/ll/Desktop/learn-notes/frontend/react/demos/cicd-study/src/App.css","statementMap":{"0":{"start":{"line":1,"column":0},"end":{"line":1,"column":20}}},"fnMap":{},"branchMap":{},"s":{"0":1},"f":{},"b":{},"inputSourceMap":null,"_coverageSchema":"1a1c01bbd47fc00a2c39e90264f33305004495a9","hash":"ff8dbc25126a5f9da16c49a1cde3123064273f8f"}
,"/Users/ll/Desktop/learn-notes/frontend/react/demos/cicd-study/src/App.tsx": {"path":"/Users/ll/Desktop/learn-notes/frontend/react/demos/cicd-study/src/App.tsx","statementMap":{"0":{"start":{"line":2,"column":0},"end":{"line":2,"column":null}},"1":{"start":{"line":3,"column":0},"end":{"line":3,"column":null}},"2":{"start":{"line":4,"column":0},"end":{"line":4,"column":null}},"3":{"start":{"line":10,"column":23},"end":{"line":27,"column":null}},"4":{"start":{"line":11,"column":28},"end":{"line":11,"column":37}},"5":{"start":{"line":13,"column":2},"end":{"line":13,"column":null}},"6":{"start":{"line":19,"column":61},"end":{"line":19,"column":70}},"7":{"start":{"line":19,"column":77},"end":{"line":19,"column":83}},"8":{"start":{"line":29,"column":0},"end":{"line":29,"column":15}}},"fnMap":{"0":{"name":"(anonymous_0)","decl":{"start":{"line":10,"column":23},"end":{"line":10,"column":24}},"loc":{"start":{"line":10,"column":37},"end":{"line":27,"column":null}}},"1":{"name":"(anonymous_1)","decl":{"start":{"line":19,"column":55},"end":{"line":19,"column":61}},"loc":{"start":{"line":19,"column":61},"end":{"line":19,"column":70}}},"2":{"name":"(anonymous_2)","decl":{"start":{"line":19,"column":71},"end":{"line":19,"column":77}},"loc":{"start":{"line":19,"column":77},"end":{"line":19,"column":83}}}},"branchMap":{},"s":{"0":1,"1":1,"2":1,"3":1,"4":3,"5":3,"6":1,"7":1,"8":1},"f":{"0":3,"1":1,"2":1},"b":{}}
,"/Users/ll/Desktop/learn-notes/frontend/react/demos/cicd-study/src/logo.svg": {"path":"/Users/ll/Desktop/learn-notes/frontend/react/demos/cicd-study/src/logo.svg","statementMap":{"0":{"start":{"line":1,"column":0},"end":{"line":1,"column":20}}},"fnMap":{},"branchMap":{},"s":{"0":1},"f":{},"b":{},"inputSourceMap":null,"_coverageSchema":"1a1c01bbd47fc00a2c39e90264f33305004495a9","hash":"43fea42c5afc4b76953d55955adc3d8818c1a54e"}
}
